[debug] [2021-09-24T19:56:47.867Z] ----------------------------------------------------------------------
[debug] [2021-09-24T19:56:47.869Z] Command:       C:\Program Files\nodejs\node.exe C:\Users\Licho\AppData\Roaming\npm\node_modules\firebase-tools\lib\bin\firebase.js init
[debug] [2021-09-24T19:56:47.870Z] CLI Version:   9.18.0
[debug] [2021-09-24T19:56:47.870Z] Platform:      win32
[debug] [2021-09-24T19:56:47.870Z] Node Version:  v14.17.5
[debug] [2021-09-24T19:56:47.871Z] Time:          Fri Sep 24 2021 16:56:47 GMT-0300 (hora de la Guayana Francesa)
[debug] [2021-09-24T19:56:47.871Z] ----------------------------------------------------------------------
[debug] 
[debug] [2021-09-24T19:56:47.877Z] > command requires scopes: ["email","openid","https://www.googleapis.com/auth/cloudplatformprojects.readonly","https://www.googleapis.com/auth/firebase","https://www.googleapis.com/auth/cloud-platform"]
[debug] [2021-09-24T19:56:47.877Z] > authorizing via signed-in user (lisandrogonzaleze@gmail.com)
[info] 
     ######## #### ########  ######## ########     ###     ######  ########
     ##        ##  ##     ## ##       ##     ##  ##   ##  ##       ##
     ######    ##  ########  ######   ########  #########  ######  ######
     ##        ##  ##    ##  ##       ##     ## ##     ##       ## ##
     ##       #### ##     ## ######## ########  ##     ##  ######  ########

You're about to initialize a Firebase project in this directory:

  C:\Users\Licho\Desktop\digital_clock_javascript_version1-master

[info] 
=== Project Setup
[info] 
[info] First, let's associate this project directory with a Firebase project.
[info] You can create multiple project aliases by running firebase use --add, 
[info] but for now we'll just set up a default project.
[info] 
[debug] [2021-09-24T19:57:01.049Z] >>> [apiv2][query] GET https://firebase.googleapis.com/v1beta1/projects pageSize=100
[debug] [2021-09-24T19:57:02.219Z] <<< [apiv2][status] GET https://firebase.googleapis.com/v1beta1/projects 200
[debug] [2021-09-24T19:57:02.219Z] <<< [apiv2][body] GET https://firebase.googleapis.com/v1beta1/projects [omitted]
[info] i  Using project nodo-chat-web (nodo chat web) 
[info] 
=== Hosting:github Setup
[info] 
[info] i  Didn't detect a .git folder. Assuming C:\Users\Licho\Desktop\digital_clock_javascript_version1-master is the project root. 
[info] i  Authorizing with GitHub to upload your service account to a GitHub repository's secrets store. 
[info] 
[info] Visit this URL on this device to log in:
[info] https://github.com/login/oauth/authorize?client_id=89cf50f02ac6aaed3484&state=843408601&redirect_uri=http%3A%2F%2Flocalhost%3A9005&scope=read%3Auser%20repo%20public_repo
[info] 
[info] Waiting for authentication...
[debug] [2021-09-24T19:57:04.297Z] >>> HTTP REQUEST POST https://github.com/login/oauth/access_token  
 {"client_id":"89cf50f02ac6aaed3484","client_secret":"3330d14abc895d9a74d5f17cd7a00711fa2c5bf0","code":"5ab2aa66d455b66d821a","redirect_uri":"http://localhost:9005","state":"843408601"}
[debug] [2021-09-24T19:57:04.831Z] <<< HTTP RESPONSE 200 {"server":"GitHub.com","date":"Fri, 24 Sep 2021 19:57:04 GMT","content-type":"application/json; charset=utf-8","transfer-encoding":"chunked","vary":"X-PJAX, X-PJAX-Container, Accept-Encoding, Accept, X-Requested-With","permissions-policy":"interest-cohort=()","etag":"W/\"d8ae1598e04a68eace62f150aa9ea9ba\"","cache-control":"max-age=0, private, must-revalidate","strict-transport-security":"max-age=31536000; includeSubdomains; preload","x-frame-options":"deny","x-content-type-options":"nosniff","x-xss-protection":"0","referrer-policy":"origin-when-cross-origin, strict-origin-when-cross-origin","expect-ct":"max-age=2592000, report-uri=\"https://api.github.com/_private/browser/errors\"","content-security-policy":"default-src 'none'; base-uri 'self'; block-all-mixed-content; child-src github.githubassets.com; connect-src 'self' uploads.github.com www.githubstatus.com collector.githubapp.com api.github.com github-cloud.s3.amazonaws.com github-production-repository-file-5c1aeb.s3.amazonaws.com github-production-upload-manifest-file-7fdce7.s3.amazonaws.com github-production-user-asset-6210df.s3.amazonaws.com cdn.optimizely.com logx.optimizely.com/v1/events translator.github.com wss://alive.github.com; font-src github.githubassets.com; form-action 'self' github.com gist.github.com; frame-ancestors 'none'; frame-src render.githubusercontent.com viewscreen.githubusercontent.com; img-src 'self' data: github.githubassets.com identicons.github.com collector.githubapp.com github-cloud.s3.amazonaws.com secured-user-images.githubusercontent.com/ *.githubusercontent.com; manifest-src 'self'; media-src github.com user-images.githubusercontent.com/; script-src github.githubassets.com; style-src 'unsafe-inline' github.githubassets.com; worker-src github.githubassets.com github.com/socket-worker-0af8a29d.js gist.github.com/socket-worker-0af8a29d.js","x-github-request-id":"D2E3:3FCB:747E96:85FCAA:614E2D90"}
[debug] [2021-09-24T19:57:04.834Z] >>> [apiv2][query] GET https://api.github.com/user [none]
[debug] [2021-09-24T19:57:05.431Z] <<< [apiv2][status] GET https://api.github.com/user 200
[debug] [2021-09-24T19:57:05.432Z] <<< [apiv2][body] GET https://api.github.com/user {"login":"lichox","id":89762550,"node_id":"MDQ6VXNlcjg5NzYyNTUw","avatar_url":"https://avatars.githubusercontent.com/u/89762550?v=4","gravatar_id":"","url":"https://api.github.com/users/lichox","html_url":"https://github.com/lichox","followers_url":"https://api.github.com/users/lichox/followers","following_url":"https://api.github.com/users/lichox/following{/other_user}","gists_url":"https://api.github.com/users/lichox/gists{/gist_id}","starred_url":"https://api.github.com/users/lichox/starred{/owner}{/repo}","subscriptions_url":"https://api.github.com/users/lichox/subscriptions","organizations_url":"https://api.github.com/users/lichox/orgs","repos_url":"https://api.github.com/users/lichox/repos","events_url":"https://api.github.com/users/lichox/events{/privacy}","received_events_url":"https://api.github.com/users/lichox/received_events","type":"User","site_admin":false,"name":null,"company":null,"blog":"","location":null,"email":null,"hireable":null,"bio":null,"twitter_username":null,"public_repos":1,"public_gists":0,"followers":0,"following":0,"created_at":"2021-08-30T04:17:13Z","updated_at":"2021-09-18T07:49:55Z","private_gists":0,"total_private_repos":0,"owned_private_repos":0,"disk_usage":0,"collaborators":0,"two_factor_authentication":false,"plan":{"name":"free","space":976562499,"collaborators":0,"private_repos":10000}}
[info] 
[info] +  Success! Logged into GitHub as lichox 
[info] 
[debug] [2021-09-24T19:57:12.872Z] >>> [apiv2][query] GET https://api.github.com/repos/n/actions/secrets/public-key type=owner
[debug] [2021-09-24T19:57:13.214Z] <<< [apiv2][status] GET https://api.github.com/repos/n/actions/secrets/public-key 404
[debug] [2021-09-24T19:57:13.214Z] <<< [apiv2][body] GET https://api.github.com/repos/n/actions/secrets/public-key {"message":"Not Found","documentation_url":"https://docs.github.com/rest"}
[debug] [2021-09-24T19:57:14.486Z] >>> [apiv2][query] GET https://api.github.com/repos/no/actions/secrets/public-key type=owner
[debug] [2021-09-24T19:57:14.833Z] <<< [apiv2][status] GET https://api.github.com/repos/no/actions/secrets/public-key 404
[debug] [2021-09-24T19:57:14.833Z] <<< [apiv2][body] GET https://api.github.com/repos/no/actions/secrets/public-key {"message":"Not Found","documentation_url":"https://docs.github.com/rest"}
[debug] [2021-09-24T19:57:15.771Z] >>> [apiv2][query] GET https://api.github.com/repos/yes/actions/secrets/public-key type=owner
[debug] [2021-09-24T19:57:16.102Z] <<< [apiv2][status] GET https://api.github.com/repos/yes/actions/secrets/public-key 404
[debug] [2021-09-24T19:57:16.103Z] <<< [apiv2][body] GET https://api.github.com/repos/yes/actions/secrets/public-key {"message":"Not Found","documentation_url":"https://docs.github.com/rest"}
